Arguments: 
  /usr/local/bin/node /usr/share/yarn/bin/yarn.js add express jwt-token body-parser morgan mongoose

PATH: 
  ~/Android/Sdk/tools:~/Android/Sdk/platform-tools:/home/hamzzy/.local/bin:/usr/local/sbin:/usr/local/bin:/usr/sbin:/usr/bin:/sbin:/bin:/snap/bin:/usr/local/java/jdk1.8.0_221/bin:/usr/local/java/jdk1.8.0_221/jre/bin:/home/hamzzy/Android/Sdk/emulator:/home/hamzzy/Android/Sdk/tools:/home/hamzzy/Android/Sdk/tools/bin:/home/hamzzy/Android/Sdk/platform-tools:/usr/local/go/bin

Yarn version: 
  1.21.1

Node version: 
  10.15.3

Platform: 
  linux x64

Trace: 
  Error: https://registry.yarnpkg.com/jwt-token: Not found
      at Request.params.callback [as _callback] (/usr/share/yarn/lib/cli.js:66947:18)
      at Request.self.callback (/usr/share/yarn/lib/cli.js:140665:22)
      at Request.emit (events.js:189:13)
      at Request.<anonymous> (/usr/share/yarn/lib/cli.js:141637:10)
      at Request.emit (events.js:189:13)
      at IncomingMessage.<anonymous> (/usr/share/yarn/lib/cli.js:141559:12)
      at Object.onceWrapper (events.js:277:13)
      at IncomingMessage.emit (events.js:194:15)
      at endReadableNT (_stream_readable.js:1125:12)
      at process._tickCallback (internal/process/next_tick.js:63:19)

npm manifest: 
  {
    "name": "paymen_app",
    "version": "1.0.0",
    "description": "A commission payment web app",
    "main": "app.js",
    "author": "Hamzat",
    "license": "MIT"
  }

yarn manifest: 
  No manifest

Lockfile: 
  No lockfile
